<?xml version="1.0" encoding="UTF-8"?>
<!-- Generated by org.testng.reporters.JUnitXMLReporter -->
<testsuite hostname="DESKTOP-8M6I3U6" ignored="0" name="Default test" tests="52" failures="0" timestamp="2020-05-10T20:37:02 EET" time="47.258" errors="0">
  <testcase name="POST_createDeliveryLocation" time="1.847" classname="Com.Testcases.APIs.Jibli"/>
  <testcase name="POST_createDeliveryLocation" time="0.232" classname="Com.Testcases.APIs.Jibli"/>
  <testcase name="POST_createMigrationRequest" time="0.342" classname="Com.Testcases.APIs.Jibli"/>
  <testcase name="POST_createPaymentCardDetails" time="0.264" classname="Com.Testcases.APIs.Jibli"/>
  <testcase name="POST_createPaymentCardDetails" time="0.392" classname="Com.Testcases.APIs.Jibli"/>
  <testcase name="POST_createPaymentCardDetails" time="0.122" classname="Com.Testcases.APIs.Jibli"/>
  <testcase name="POST_createPaymentCardDetails" time="0.174" classname="Com.Testcases.APIs.Jibli"/>
  <testcase name="POST_createUserProfile" time="8.952" classname="Com.Testcases.APIs.Jibli"/>
  <testcase name="POST_createUserProfile" time="0.815" classname="Com.Testcases.APIs.Jibli"/>
  <testcase name="POST_createUserProfile" time="0.526" classname="Com.Testcases.APIs.Jibli"/>
  <testcase name="POST_createUserProfile" time="0.519" classname="Com.Testcases.APIs.Jibli"/>
  <testcase name="POST_createUserProfile" time="0.537" classname="Com.Testcases.APIs.Jibli"/>
  <testcase name="POST_getGooglePlacesCategory" time="0.162" classname="Com.Testcases.APIs.Jibli"/>
  <testcase name="POST_getGooglePlacesCategory" time="0.146" classname="Com.Testcases.APIs.Jibli"/>
  <testcase name="POST_getGooglePlacesCategory" time="0.197" classname="Com.Testcases.APIs.Jibli"/>
  <testcase name="POST_mobileLoginRequest" time="0.223" classname="Com.Testcases.APIs.Jibli"/>
  <testcase name="POST_mobileLoginRequest" time="0.085" classname="Com.Testcases.APIs.Jibli"/>
  <testcase name="POST_mobileLoginRequest" time="0.119" classname="Com.Testcases.APIs.Jibli"/>
  <testcase name="POST_mobileLoginRequest" time="0.096" classname="Com.Testcases.APIs.Jibli"/>
  <testcase name="POST_resendOTP" time="0.38" classname="Com.Testcases.APIs.Jibli"/>
  <testcase name="POST_resendOTP" time="0.13" classname="Com.Testcases.APIs.Jibli"/>
  <testcase name="POST_resendOTP" time="0.156" classname="Com.Testcases.APIs.Jibli"/>
  <testcase name="POST_retrieveUserPassword" time="17.657" classname="Com.Testcases.APIs.Jibli"/>
  <testcase name="POST_retrieveUserPassword" time="7.356" classname="Com.Testcases.APIs.Jibli"/>
  <testcase name="POST_searchDeliveryLocation" time="0.092" classname="Com.Testcases.APIs.Jibli"/>
  <testcase name="POST_searchDeliveryLocation" time="0.108" classname="Com.Testcases.APIs.Jibli"/>
  <testcase name="POST_searchMigrationRequest" time="0.136" classname="Com.Testcases.APIs.Jibli"/>
  <testcase name="POST_searchPaymentCardDetails" time="0.36" classname="Com.Testcases.APIs.Jibli"/>
  <testcase name="POST_searchUserProfile" time="0.255" classname="Com.Testcases.APIs.Jibli"/>
  <testcase name="POST_searchUserProfile" time="0.206" classname="Com.Testcases.APIs.Jibli"/>
  <testcase name="POST_searchUserProfile" time="0.092" classname="Com.Testcases.APIs.Jibli"/>
  <testcase name="POST_updateDeliveryLocation" time="0.085" classname="Com.Testcases.APIs.Jibli"/>
  <testcase name="POST_updateDeliveryLocation" time="0.096" classname="Com.Testcases.APIs.Jibli"/>
  <testcase name="POST_updateMigrationRequest" time="0.538" classname="Com.Testcases.APIs.Jibli"/>
  <testcase name="POST_updatePaymentCardDetails" time="0.306" classname="Com.Testcases.APIs.Jibli"/>
  <testcase name="POST_updatePaymentCardDetails" time="0.156" classname="Com.Testcases.APIs.Jibli"/>
  <testcase name="POST_updatePaymentCardDetails" time="0.183" classname="Com.Testcases.APIs.Jibli"/>
  <testcase name="POST_updateUserProfile" time="0.23" classname="Com.Testcases.APIs.Jibli"/>
  <testcase name="POST_updateUserProfile" time="0.363" classname="Com.Testcases.APIs.Jibli"/>
  <testcase name="POST_updateUserProfile" time="0.128" classname="Com.Testcases.APIs.Jibli"/>
  <testcase name="POST_updateUserProfile" time="0.186" classname="Com.Testcases.APIs.Jibli"/>
  <testcase name="POST_updateUserProfile" time="0.369" classname="Com.Testcases.APIs.Jibli"/>
  <testcase name="POST_validateEmailAddress" time="0.116" classname="Com.Testcases.APIs.Jibli"/>
  <testcase name="POST_validateEmailAddress" time="0.098" classname="Com.Testcases.APIs.Jibli"/>
  <testcase name="POST_validateMobileNumber" time="0.106" classname="Com.Testcases.APIs.Jibli"/>
  <testcase name="POST_validateMobileNumber" time="0.111" classname="Com.Testcases.APIs.Jibli"/>
  <testcase name="POST_validateOTPForSignup" time="0.121" classname="Com.Testcases.APIs.Jibli"/>
  <testcase name="POST_validateOTPForSignup" time="0.088" classname="Com.Testcases.APIs.Jibli"/>
  <testcase name="POST_validateOTPForSignup" time="0.116" classname="Com.Testcases.APIs.Jibli"/>
  <testcase name="GET_getCountriesConfig" time="0.104" classname="Com.Testcases.APIs.Jibli"/>
  <testcase name="GET_getCountriesConfig" time="0.087" classname="Com.Testcases.APIs.Jibli"/>
  <testcase name="GET_getCountriesConfig" time="0.102" classname="Com.Testcases.APIs.Jibli"/>
</testsuite> <!-- Default test -->
