<?xml version="1.0" encoding="UTF-8"?>
<!-- Generated by org.testng.reporters.JUnitXMLReporter -->
<testsuite hostname="JKASHYAPSSL" name="Test_CreateClaim1" tests="6" failures="0" timestamp="14 Dec 2017 09:09:20 GMT" time="274.998" errors="0">
  <testcase name="Test_CreateClaim1" time="35.142" classname="Com.Testcases.CreateClaims_SaveAndCreateAnotherClaimButton"/>
  <testcase name="Test_CreateClaim1" time="35.618" classname="Com.Testcases.CreateClaims_SaveAndCreateAnotherClaimButton"/>
  <testcase name="Test_CreateClaim1" time="35.525" classname="Com.Testcases.CreateClaims_SaveAndCreateAnotherClaimButton"/>
  <testcase name="Test_CreateClaim1" time="35.011" classname="Com.Testcases.CreateClaims_SaveAndCreateAnotherClaimButton"/>
  <testcase name="Test_CreateClaim1" time="34.969" classname="Com.Testcases.CreateClaims_SaveAndCreateAnotherClaimButton"/>
  <testcase name="Test_CreateClaim1" time="34.442" classname="Com.Testcases.CreateClaims_SaveAndCreateAnotherClaimButton"/>
</testsuite> <!-- Test_CreateClaim1 -->
