<?xml version="1.0" encoding="UTF-8"?>
<!-- Generated by org.testng.reporters.JUnitXMLReporter -->
<testsuite hostname="JKASHYAPSSL" name="Test_Deductible_Loss_Recoverable_Adjustment_11694" tests="1" failures="0" timestamp="14 Dec 2017 12:01:39 GMT" time="201.221" errors="0">
  <testcase name="Test_Deductible_Loss_Recoverable_Adjustment_11694" time="192.47" classname="Com.Testcases.Deductible_Loss_Recoverable_Adjustment_11694"/>
</testsuite> <!-- Test_Deductible_Loss_Recoverable_Adjustment_11694 -->
