<?xml version="1.0" encoding="UTF-8"?>
<!-- Generated by org.testng.reporters.JUnitXMLReporter -->
<testsuite hostname="JKASHYAPSSL" name="Test_CreateClaims_SaveAndCreateAnotherClaimButton" tests="6" failures="0" timestamp="29 Aug 2017 09:44:07 GMT" time="280.127" errors="0">
  <testcase name="Test_CreateClaim1" time="35.931" classname="Com.Testcases.CreateClaims_SaveAndCreateAnotherClaimButton"/>
  <testcase name="Test_CreateClaim1" time="36.617" classname="Com.Testcases.CreateClaims_SaveAndCreateAnotherClaimButton"/>
  <testcase name="Test_CreateClaim1" time="36.464" classname="Com.Testcases.CreateClaims_SaveAndCreateAnotherClaimButton"/>
  <testcase name="Test_CreateClaim1" time="36.094" classname="Com.Testcases.CreateClaims_SaveAndCreateAnotherClaimButton"/>
  <testcase name="Test_CreateClaim1" time="35.816" classname="Com.Testcases.CreateClaims_SaveAndCreateAnotherClaimButton"/>
  <testcase name="Test_CreateClaim1" time="35.171" classname="Com.Testcases.CreateClaims_SaveAndCreateAnotherClaimButton"/>
</testsuite> <!-- Test_CreateClaims_SaveAndCreateAnotherClaimButton -->
