<?xml version="1.0" encoding="UTF-8"?>
<!-- Generated by org.testng.reporters.JUnitXMLReporter -->
<testsuite hostname="JKASHYAPSSL" name="Test_CreateClaims_ValidationScenarios" tests="6" failures="0" timestamp="14 Dec 2017 09:22:54 GMT" time="813.462" errors="0">
  <testcase name="Test_CreateClaims_ValidationScenarios" time="160.466" classname="Com.Testcases.CreateClaims_ValidationScenarios"/>
  <testcase name="Test_CreateClaims_ValidationScenarios" time="128.22" classname="Com.Testcases.CreateClaims_ValidationScenarios"/>
  <testcase name="Test_CreateClaims_ValidationScenarios" time="161.117" classname="Com.Testcases.CreateClaims_ValidationScenarios"/>
  <testcase name="Test_CreateClaims_ValidationScenarios" time="92.383" classname="Com.Testcases.CreateClaims_ValidationScenarios"/>
  <testcase name="Test_CreateClaims_ValidationScenarios" time="93.051" classname="Com.Testcases.CreateClaims_ValidationScenarios"/>
  <testcase name="Test_CreateClaims_ValidationScenarios" time="128.892" classname="Com.Testcases.CreateClaims_ValidationScenarios"/>
</testsuite> <!-- Test_CreateClaims_ValidationScenarios -->
