<?xml version="1.0" encoding="UTF-8"?>
<!-- Generated by org.testng.reporters.JUnitXMLReporter -->
<testsuite hostname="JKASHYAPSSL" name="Test_Claim_Payment" tests="9" failures="0" timestamp="9 May 2017 10:42:14 GMT" time="2384.403" errors="0">
  <testcase name="Test_ClaimPayment" time="169.472" classname="Com.Testcases.Claim_Payment"/>
  <testcase name="Test_ClaimPayment" time="163.061" classname="Com.Testcases.Claim_Payment"/>
  <testcase name="Test_ClaimPayment" time="268.749" classname="Com.Testcases.Claim_Payment"/>
  <testcase name="Test_ClaimPayment" time="310.237" classname="Com.Testcases.Claim_Payment"/>
  <testcase name="Test_ClaimPayment" time="211.489" classname="Com.Testcases.Claim_Payment"/>
  <testcase name="Test_ClaimPayment" time="315.871" classname="Com.Testcases.Claim_Payment"/>
  <testcase name="Test_ClaimPayment" time="307.531" classname="Com.Testcases.Claim_Payment"/>
  <testcase name="Test_ClaimPayment" time="210.98" classname="Com.Testcases.Claim_Payment"/>
  <testcase name="Test_ClaimPayment" time="312.456" classname="Com.Testcases.Claim_Payment"/>
</testsuite> <!-- Test_Claim_Payment -->
