<?xml version="1.0" encoding="UTF-8"?>
<!-- Generated by org.testng.reporters.JUnitXMLReporter -->
<testsuite hostname="JKASHYAPSSL" name="Test_CreateClaim" tests="6" failures="0" timestamp="14 Dec 2017 09:04:45 GMT" time="723.857" errors="0">
  <testcase name="Test_CreateClaim" time="115.284" classname="Com.Testcases.CreateClaims_SaveAndContinueButton"/>
  <testcase name="Test_CreateClaim" time="111.731" classname="Com.Testcases.CreateClaims_SaveAndContinueButton"/>
  <testcase name="Test_CreateClaim" time="112.539" classname="Com.Testcases.CreateClaims_SaveAndContinueButton"/>
  <testcase name="Test_CreateClaim" time="111.996" classname="Com.Testcases.CreateClaims_SaveAndContinueButton"/>
  <testcase name="Test_CreateClaim" time="112.101" classname="Com.Testcases.CreateClaims_SaveAndContinueButton"/>
  <testcase name="Test_CreateClaim" time="111.327" classname="Com.Testcases.CreateClaims_SaveAndContinueButton"/>
</testsuite> <!-- Test_CreateClaim -->
