<?xml version="1.0" encoding="UTF-8"?>
<!-- Generated by org.testng.reporters.JUnitXMLReporter -->
<testsuite hostname="JKASHYAPSSL" name="Test_DeductibleLoss_ExpRecoverable_RecoveryAdjustmentExceedsPolicyDeductible_11695" tests="1" failures="0" timestamp="14 Dec 2017 12:05:34 GMT" time="235.028" errors="0">
  <testcase name="Test_DeductibleLoss_ExpRecoverable_RecoveryAdjustmentExceedsPolicyDeductible_11695" time="226.104" classname="Com.Testcases.DeductibleLoss_ExpRecoverable_RecoveryAdjustmentExceedsPolicyDeductible_11695"/>
</testsuite> <!-- Test_DeductibleLoss_ExpRecoverable_RecoveryAdjustmentExceedsPolicyDeductible_11695 -->
