<?xml version="1.0" encoding="UTF-8"?>
<!-- Generated by org.testng.reporters.JUnitXMLReporter -->
<testsuite hostname="JKASHYAPSSL" name="Test_RecoveryPayment_RecoveryType_Supplemental_11698" tests="1" failures="0" timestamp="14 Dec 2017 12:14:50 GMT" time="284.729" errors="0">
  <testcase name="Test_RecoveryPayment_RecoveryType_Supplemental_11698" time="275.911" classname="Com.Testcases.RecoveryPayment_RecoveryType_Supplemental_11698"/>
</testsuite> <!-- Test_RecoveryPayment_RecoveryType_Supplemental_11698 -->
