<?xml version="1.0" encoding="UTF-8"?>
<!-- Generated by org.testng.reporters.JUnitXMLReporter -->
<testsuite hostname="JKASHYAPSSL" name="Test_RecoverableAdjustmentTransaction_OpenDed_Loss_Rec_11699" tests="1" failures="0" timestamp="14 Dec 2017 12:18:25 GMT" time="215.34" errors="0">
  <testcase name="Test_RecoverableAdjustmentTransaction_OpenDed_Loss_Rec_11699" time="206.572" classname="Com.Testcases.RecoverableAdjustmentTransaction_OpenDed_Loss_Rec_11699"/>
</testsuite> <!-- Test_RecoverableAdjustmentTransaction_OpenDed_Loss_Rec_11699 -->
