<?xml version="1.0" encoding="UTF-8"?>
<testng-results skipped="0" failed="0" total="1" passed="1">
  <reporter-output>
  </reporter-output>
  <suite name="Default suite" duration-ms="69199" started-at="2020-03-06T14:37:48Z" finished-at="2020-03-06T14:38:57Z">
    <groups>
    </groups>
    <test name="Default test" duration-ms="69199" started-at="2020-03-06T14:37:48Z" finished-at="2020-03-06T14:38:57Z">
      <class name="Com.Testcases.Merchant.CreateMerchant">
        <test-method status="PASS" signature="Testbefore()[pri:0, instance:Com.Testcases.Merchant.CreateMerchant@19e4653c]" name="Testbefore" is-config="true" duration-ms="10475" started-at="2020-03-06T17:37:48Z" finished-at="2020-03-06T17:37:59Z">
          <reporter-output>
          </reporter-output>
        </test-method> <!-- Testbefore -->
        <test-method status="PASS" signature="Test_CreateMerchant(java.util.Hashtable)[pri:0, instance:Com.Testcases.Merchant.CreateMerchant@19e4653c]" name="Test_CreateMerchant" duration-ms="58560" started-at="2020-03-06T17:37:59Z" data-provider="Test_CreateMerchant" finished-at="2020-03-06T17:38:57Z">
          <params>
            <param index="0">
              <value>
                <![CDATA[{MSA_ServiceAgreement=true, MSALF_S2_PaymentMethod=EDinar, Username=ramankumar, CMD_Contact_Landline_Number=7437985456, Name_of_Store_Shop=Amal Delgado, CMP_City=istanbul, MPD_First_Name=Raman, MSALF_S2_TotalAmount=20000.0, CMD_Contact_Mobile_Number=5478974512, MAS_LoginComments=Eos adipisicing aper, MA_National_ID=JPG File (.jpg)
60.6 KB, MBA_Bank_Address=In consectetur enim, CMD_Contact_Landline_Code=218, MCD_Contact_FAX_Code=218, MAS_ExpiryDate=01/01/2030, MSALF_S2_Attachment4=JPG File (.jpg)
60.6 KB (62,148 bytes), CMP_Reference_Number_QR_Code=QR Code, MSMC_WhatsApp_Code=218, ApplicationName_Number=, Capture_e-Signature=draw signature, Environment=QA, MMNP_RePassword=Test007, MPD_National_ID_Passport=11984356418, MPD_Contact_Mobile_Number=4578974512, MA_Legal_License=JPG File
140 KB, MMNP_SelectCountry=218, MSALF_Attachment3=JFIF File (.jfif)
8.33 KB (8,540 bytes), CMP_Status=Active, CMP_Legal_License_Number=162.0, MAS_Status=Active, Same_as_Legal_Name=true, MBA_Branch=AJDABIYA BRANCH, MRF_FeeDuration=B - Type II - Membership Configuration - 12, MA_Proprietor_Photo=JFIF File
8.33 KB, MSALF_SalesAgentDeskAttachment=JFIF File (.jfif)
8.33 KB (8,540 bytes), Branch=No, MA_Other_Supportive_Documents=JPG File (.jpg)
60.6 KB, MSMC_Facebook_Address=Dolorem@facebook.com, MPD_Last_Name=Kumar, MA_Bank_Passbook=JFIF File
8.33 KB, CMP_Shop_Address=Placeat exercitatio, MBA_City=Benghazi, MSALF_S2_ChequeNumber=617100, MPD_Contact_Mobile_Code=218, Runmode=Y, CMP_Shop_Location=Recusandae Cupidita, MCD_Contact_FAX_Number=4489626658, MBA_Account_Type=Basic Checking Account, Misc_Other_Details=Voluptatem cupidatat, MIA_InterfaceAgreement=true, MBA_Branch_Code=667, CMD_Contact_Mobile_Code=218, CMD_Contact_Email=gonyvivec@mailinator.com, MPD_Nationality=Libya, Merchant_Type=Airports, Airport Terminals, Add_Notes=Adipisicing quas dol, MBA_Account_Number=6678954328100, MMNP_MobileNumber=6374852100, MBA_Bank_Name=Wahda Bank, Legal_License=JFIF File (.jfif)
8.33 KB (8,540 bytes), TestcaseName=Create_Merchant, MSALF_S2_PaymentComments=Aut veniam quisquam, Legal_Name_of_Business=Basia Freeman, MSMC_WhatsApp_Number=8747897445, MPD_Contact_Address=Officia velit molest, Trading_Branding_Name=Illana Fuller, MTC_TermsConditionsComments=Est sint maxime mol, MMNP_Password=Test007, MA_Shop_Store_Photo=JPG File (.jpg)
79.8 KB, MSALF_S2_AmountInWords=Twenty thousand, Store_Logo=Not implimented, row=3, MSALF_SupportLevelDocumentsAttachment=JFIF File (.jfif)
8.33 KB (8,540 bytes), MPD_Middle_Name=G, Password=Tested@123, CMP_Merchant_Category=Airlines and Ticketing Services, MBA_Other_Details=Voluptatem cupidatat, Result=Pass, MSALF_NumberOfStaffs=0.0, MSSF_TypeOfSupportContact=L3, MSMC_Twitter_Address=Unde@twitter.com}]]>
              </value>
            </param>
          </params>
          <reporter-output>
          </reporter-output>
        </test-method> <!-- Test_CreateMerchant -->
        <test-method status="PASS" signature="afterMethod()[pri:0, instance:Com.Testcases.Merchant.CreateMerchant@19e4653c]" name="afterMethod" is-config="true" duration-ms="139" started-at="2020-03-06T17:38:57Z" finished-at="2020-03-06T17:38:57Z">
          <reporter-output>
          </reporter-output>
        </test-method> <!-- afterMethod -->
      </class> <!-- Com.Testcases.Merchant.CreateMerchant -->
    </test> <!-- Default test -->
  </suite> <!-- Default suite -->
</testng-results>
